{"index":{"_index":"winlogbeat-demo-2025.11.14","_id":"winsec-001"}}
{"@timestamp":"2025-11-14T02:17:41.009Z","event":{"kind":"event","category":["authentication"],"type":["start"],"code":"4624","provider":"Microsoft-Windows-Security-Auditing","outcome":"success"},"host":{"name":"W10-HR-05","ip":"10.10.5.33"},"user":{"name":"ivanova_e","domain":"ROSTECH"},"winlog":{"event_id":4624,"logon":{"type":"2","type_name":"Interactive"},"computer_name":"W10-HR-05.rostech.local"},"source":{"ip":"10.10.5.33"},"tags":["CASE-2025-001","authentication"],"iris":{"case_id":"CASE-2025-001","mitre_technique":"T1078","mitre_tactic":"TA0001"}}
{"index":{"_index":"winlogbeat-demo-2025.11.14","_id":"winsec-002"}}
{"@timestamp":"2025-11-14T03:01:58.774Z","event":{"kind":"event","category":["authentication"],"type":["start"],"code":"4648","provider":"Microsoft-Windows-Security-Auditing"},"host":{"name":"W10-HR-05","ip":"10.10.5.33"},"user":{"name":"admin_backup","domain":"ROSTECH"},"winlog":{"event_id":4648,"computer_name":"W10-HR-05.rostech.local"},"destination":{"ip":"10.10.1.10","domain":"DC-01.rostech.local"},"tags":["CASE-2025-001","lateral-movement","explicit-logon"],"iris":{"case_id":"CASE-2025-001","mitre_technique":"T1021.002","mitre_tactic":"TA0008"}}
{"index":{"_index":"winlogbeat-demo-2025.11.14","_id":"winsec-003"}}
{"@timestamp":"2025-11-14T03:02:03.119Z","event":{"kind":"event","category":["authentication"],"type":["start"],"code":"4624","provider":"Microsoft-Windows-Security-Auditing","outcome":"success"},"host":{"name":"DC-01","ip":"10.10.1.10"},"user":{"name":"admin_backup","domain":"ROSTECH"},"winlog":{"event_id":4624,"logon":{"type":"3","type_name":"Network"}},"source":{"ip":"10.10.5.33","domain":"W10-HR-05"},"tags":["CASE-2025-001","lateral-movement"],"iris":{"case_id":"CASE-2025-001","mitre_technique":"T1021.002","mitre_tactic":"TA0008"}}
{"index":{"_index":"winlogbeat-demo-2025.11.14","_id":"winsec-004"}}
{"@timestamp":"2025-11-14T03:03:41.002Z","event":{"kind":"event","category":["iam"],"type":["change"],"code":"4732","provider":"Microsoft-Windows-Security-Auditing"},"host":{"name":"DC-01","ip":"10.10.1.10"},"user":{"name":"admin_backup","domain":"ROSTECH"},"winlog":{"event_id":4732,"activity_id":"svc_backup"},"group":{"name":"Domain Admins"},"tags":["CASE-2025-001","privilege-escalation"],"iris":{"case_id":"CASE-2025-001","ioc":"svc_backup","mitre_technique":"T1078.002","mitre_tactic":"TA0004"}}
{"index":{"_index":"winlogbeat-demo-2025.11.14","_id":"winsec-005"}}
{"@timestamp":"2025-11-14T03:15:22.449Z","event":{"kind":"event","category":["iam"],"type":["change"],"code":"4738","provider":"Microsoft-Windows-Security-Auditing"},"host":{"name":"DC-01","ip":"10.10.1.10"},"user":{"name":"svc_deploy_bkp","domain":"ROSTECH"},"winlog":{"event_id":4738},"changes":{"userAccountControl":"DONT_EXPIRE_PASSWORD"},"tags":["CASE-2025-001","persistence","account-manipulation"],"iris":{"case_id":"CASE-2025-001","ioc":"svc_deploy_bkp","mitre_technique":"T1098","mitre_tactic":"TA0003"}}
{"index":{"_index":"winlogbeat-demo-2025.11.14","_id":"winsec-006"}}
{"@timestamp":"2025-11-14T04:44:01.001Z","event":{"kind":"event","category":["configuration"],"type":["change"],"code":"4719","provider":"Microsoft-Windows-Security-Auditing"},"host":{"name":"DC-01","ip":"10.10.1.10"},"user":{"name":"SYSTEM","domain":"NT AUTHORITY"},"winlog":{"event_id":4719},"message":"Политика аудита системы изменена. Категория: Отслеживание процессов. Изменения: Удалить успех","tags":["CASE-2025-001","defense-evasion","audit-policy-change"],"iris":{"case_id":"CASE-2025-001","mitre_technique":"T1562.002","mitre_tactic":"TA0005"}}
{"index":{"_index":"winlogbeat-demo-2025.11.14","_id":"winsec-007"}}
{"@timestamp":"2025-11-14T04:44:55.330Z","event":{"kind":"event","category":["file"],"type":["deletion"],"code":"4663","provider":"Microsoft-Windows-Security-Auditing"},"host":{"name":"DC-01","ip":"10.10.1.10"},"user":{"name":"SYSTEM","domain":"NT AUTHORITY"},"file":{"path":"C:\\Windows\\System32\\winevt\\Logs\\Security.evtx"},"winlog":{"event_id":4663},"tags":["CASE-2025-001","defense-evasion","log-clearing"],"iris":{"case_id":"CASE-2025-001","mitre_technique":"T1070.001","mitre_tactic":"TA0005"}}
{"index":{"_index":"winlogbeat-demo-2025.11.14","_id":"winsec-008"}}
{"@timestamp":"2025-11-14T05:10:14.002Z","event":{"kind":"event","category":["authentication"],"type":["start"],"code":"4625","provider":"Microsoft-Windows-Security-Auditing","outcome":"failure"},"host":{"name":"DC-01","ip":"10.10.1.10"},"user":{"name":"administrator","domain":"ROSTECH"},"winlog":{"event_id":4625,"failure":{"reason":"Неверное имя пользователя или пароль","status":"0xC000006D"}},"source":{"ip":"185.220.101.47"},"tags":["CASE-2025-001","brute-force","external"],"iris":{"case_id":"CASE-2025-001","ioc":"185.220.101.47","mitre_technique":"T1110.001","mitre_tactic":"TA0006"}}
{"index":{"_index":"winlogbeat-demo-2025.11.14","_id":"winsec-009"}}
{"@timestamp":"2025-11-14T04:46:03.119Z","event":{"kind":"event","category":["process"],"type":["end"],"code":"4689","provider":"Microsoft-Windows-Security-Auditing"},"host":{"name":"DC-01","ip":"10.10.1.10"},"process":{"name":"vssadmin.exe","pid":9340,"command_line":"vssadmin delete shadows /all /quiet","exit_code":0},"user":{"name":"SYSTEM"},"winlog":{"event_id":4689},"tags":["CASE-2025-001","impact","shadow-copy-delete"],"iris":{"case_id":"CASE-2025-001","mitre_technique":"T1490","mitre_tactic":"TA0040"}}
{"index":{"_index":"winlogbeat-demo-2025.11.14","_id":"winsec-010"}}
{"@timestamp":"2025-11-14T04:47:10.005Z","event":{"kind":"event","category":["process"],"type":["end"],"code":"4689","provider":"Microsoft-Windows-Security-Auditing"},"host":{"name":"DC-01","ip":"10.10.1.10"},"process":{"name":"wbadmin.exe","pid":9411,"command_line":"wbadmin delete catalog -quiet","exit_code":0},"user":{"name":"SYSTEM"},"winlog":{"event_id":4689},"tags":["CASE-2025-001","impact","backup-delete"],"iris":{"case_id":"CASE-2025-001","mitre_technique":"T1490","mitre_tactic":"TA0040"}}
